CRITICAL - 2024-07-23 01:36:36 --> TypeError: Argument 1 passed to Stringy\Stringy::replaceAll() must be of the type array, string given, called in /var/www/html/app/Controllers/Operasi_mysql.php on line 83
in VENDORPATH/voku/stringy/src/Stringy.php on line 3530.
 1 APPPATH/Controllers/Operasi_mysql.php(83): Stringy\Stringy->replaceAll()
 2 APPPATH/Controllers/Operasi_mysql.php(26): App\Controllers\Operasi_mysql->create_backup_mysql_parquet()
 3 SYSTEMPATH/CodeIgniter.php(943): App\Controllers\Operasi_mysql->run()
 4 SYSTEMPATH/CodeIgniter.php(503): CodeIgniter\CodeIgniter->runController()
 5 SYSTEMPATH/CodeIgniter.php(361): CodeIgniter\CodeIgniter->handleRequest()
 6 FCPATH/index.php(79): CodeIgniter\CodeIgniter->run()
CRITICAL - 2024-07-23 01:37:34 --> TypeError: Argument 1 passed to myString() must be of the type string, null given, called in /var/www/html/app/Controllers/Operasi_mysql.php on line 83
in APPPATH/Helpers/yaml_helper.php on line 13.
 1 APPPATH/Controllers/Operasi_mysql.php(83): myString()
 2 APPPATH/Controllers/Operasi_mysql.php(26): App\Controllers\Operasi_mysql->create_backup_mysql_parquet()
 3 SYSTEMPATH/CodeIgniter.php(943): App\Controllers\Operasi_mysql->run()
 4 SYSTEMPATH/CodeIgniter.php(503): CodeIgniter\CodeIgniter->runController()
 5 SYSTEMPATH/CodeIgniter.php(361): CodeIgniter\CodeIgniter->handleRequest()
 6 FCPATH/index.php(79): CodeIgniter\CodeIgniter->run()
CRITICAL - 2024-07-23 01:57:45 --> ErrorException: str_repeat(): Second argument has to be greater than or equal to 0
in SYSTEMPATH/CLI/CLI.php on line 833.
 1 [internal function]: CodeIgniter\Debug\Exceptions->errorHandler()
 2 SYSTEMPATH/CLI/CLI.php(833): str_repeat()
 3 APPPATH/Controllers/Operasi_mysql.php(135): CodeIgniter\CLI\CLI::showProgress()
 4 APPPATH/Controllers/Operasi_mysql.php(28): App\Controllers\Operasi_mysql->restore_db()
 5 SYSTEMPATH/CodeIgniter.php(943): App\Controllers\Operasi_mysql->run()
 6 SYSTEMPATH/CodeIgniter.php(503): CodeIgniter\CodeIgniter->runController()
 7 SYSTEMPATH/CodeIgniter.php(361): CodeIgniter\CodeIgniter->handleRequest()
 8 FCPATH/index.php(79): CodeIgniter\CodeIgniter->run()
CRITICAL - 2024-07-23 01:58:23 --> ErrorException: str_repeat(): Second argument has to be greater than or equal to 0
in SYSTEMPATH/CLI/CLI.php on line 833.
 1 [internal function]: CodeIgniter\Debug\Exceptions->errorHandler()
 2 SYSTEMPATH/CLI/CLI.php(833): str_repeat()
 3 APPPATH/Controllers/Operasi_mysql.php(135): CodeIgniter\CLI\CLI::showProgress()
 4 APPPATH/Controllers/Operasi_mysql.php(28): App\Controllers\Operasi_mysql->restore_db()
 5 SYSTEMPATH/CodeIgniter.php(943): App\Controllers\Operasi_mysql->run()
 6 SYSTEMPATH/CodeIgniter.php(503): CodeIgniter\CodeIgniter->runController()
 7 SYSTEMPATH/CodeIgniter.php(361): CodeIgniter\CodeIgniter->handleRequest()
 8 FCPATH/index.php(79): CodeIgniter\CodeIgniter->run()
CRITICAL - 2024-07-23 01:59:21 --> ErrorException: str_repeat(): Second argument has to be greater than or equal to 0
in SYSTEMPATH/CLI/CLI.php on line 833.
 1 [internal function]: CodeIgniter\Debug\Exceptions->errorHandler()
 2 SYSTEMPATH/CLI/CLI.php(833): str_repeat()
 3 APPPATH/Controllers/Operasi_mysql.php(136): CodeIgniter\CLI\CLI::showProgress()
 4 APPPATH/Controllers/Operasi_mysql.php(28): App\Controllers\Operasi_mysql->restore_db()
 5 SYSTEMPATH/CodeIgniter.php(943): App\Controllers\Operasi_mysql->run()
 6 SYSTEMPATH/CodeIgniter.php(503): CodeIgniter\CodeIgniter->runController()
 7 SYSTEMPATH/CodeIgniter.php(361): CodeIgniter\CodeIgniter->handleRequest()
 8 FCPATH/index.php(79): CodeIgniter\CodeIgniter->run()
CRITICAL - 2024-07-23 02:22:06 --> ErrorException: str_repeat(): Second argument has to be greater than or equal to 0
in SYSTEMPATH/CLI/CLI.php on line 833.
 1 [internal function]: CodeIgniter\Debug\Exceptions->errorHandler()
 2 SYSTEMPATH/CLI/CLI.php(833): str_repeat()
 3 APPPATH/Controllers/Operasi_mysql.php(137): CodeIgniter\CLI\CLI::showProgress()
 4 APPPATH/Controllers/Operasi_mysql.php(28): App\Controllers\Operasi_mysql->restore_db()
 5 SYSTEMPATH/CodeIgniter.php(943): App\Controllers\Operasi_mysql->run()
 6 SYSTEMPATH/CodeIgniter.php(503): CodeIgniter\CodeIgniter->runController()
 7 SYSTEMPATH/CodeIgniter.php(361): CodeIgniter\CodeIgniter->handleRequest()
 8 FCPATH/index.php(79): CodeIgniter\CodeIgniter->run()
CRITICAL - 2024-07-23 02:24:33 --> ErrorException: str_repeat(): Second argument has to be greater than or equal to 0
in SYSTEMPATH/CLI/CLI.php on line 833.
 1 [internal function]: CodeIgniter\Debug\Exceptions->errorHandler()
 2 SYSTEMPATH/CLI/CLI.php(833): str_repeat()
 3 APPPATH/Controllers/Operasi_mysql.php(137): CodeIgniter\CLI\CLI::showProgress()
 4 APPPATH/Controllers/Operasi_mysql.php(28): App\Controllers\Operasi_mysql->restore_db()
 5 SYSTEMPATH/CodeIgniter.php(943): App\Controllers\Operasi_mysql->run()
 6 SYSTEMPATH/CodeIgniter.php(503): CodeIgniter\CodeIgniter->runController()
 7 SYSTEMPATH/CodeIgniter.php(361): CodeIgniter\CodeIgniter->handleRequest()
 8 FCPATH/index.php(79): CodeIgniter\CodeIgniter->run()
CRITICAL - 2024-07-23 02:26:21 --> ErrorException: str_repeat(): Second argument has to be greater than or equal to 0
in SYSTEMPATH/CLI/CLI.php on line 833.
 1 [internal function]: CodeIgniter\Debug\Exceptions->errorHandler()
 2 SYSTEMPATH/CLI/CLI.php(833): str_repeat()
 3 APPPATH/Controllers/Operasi_mysql.php(137): CodeIgniter\CLI\CLI::showProgress()
 4 APPPATH/Controllers/Operasi_mysql.php(28): App\Controllers\Operasi_mysql->restore_db()
 5 SYSTEMPATH/CodeIgniter.php(943): App\Controllers\Operasi_mysql->run()
 6 SYSTEMPATH/CodeIgniter.php(503): CodeIgniter\CodeIgniter->runController()
 7 SYSTEMPATH/CodeIgniter.php(361): CodeIgniter\CodeIgniter->handleRequest()
 8 FCPATH/index.php(79): CodeIgniter\CodeIgniter->run()
CRITICAL - 2024-07-23 02:30:55 --> Error: Call to undefined method mikehaertl\shellcommand\Command::Output()
in APPPATH/Helpers/mysqlclient_helper.php on line 19.
 1 APPPATH/Controllers/Operasi_mysql.php(137): restore_mysql()
 2 APPPATH/Controllers/Operasi_mysql.php(28): App\Controllers\Operasi_mysql->restore_db()
 3 SYSTEMPATH/CodeIgniter.php(943): App\Controllers\Operasi_mysql->run()
 4 SYSTEMPATH/CodeIgniter.php(503): CodeIgniter\CodeIgniter->runController()
 5 SYSTEMPATH/CodeIgniter.php(361): CodeIgniter\CodeIgniter->handleRequest()
 6 FCPATH/index.php(79): CodeIgniter\CodeIgniter->run()
CRITICAL - 2024-07-23 02:32:28 --> ErrorException: str_repeat(): Second argument has to be greater than or equal to 0
in SYSTEMPATH/CLI/CLI.php on line 833.
 1 [internal function]: CodeIgniter\Debug\Exceptions->errorHandler()
 2 SYSTEMPATH/CLI/CLI.php(833): str_repeat()
 3 APPPATH/Controllers/Operasi_mysql.php(136): CodeIgniter\CLI\CLI::showProgress()
 4 APPPATH/Controllers/Operasi_mysql.php(28): App\Controllers\Operasi_mysql->restore_db()
 5 SYSTEMPATH/CodeIgniter.php(943): App\Controllers\Operasi_mysql->run()
 6 SYSTEMPATH/CodeIgniter.php(503): CodeIgniter\CodeIgniter->runController()
 7 SYSTEMPATH/CodeIgniter.php(361): CodeIgniter\CodeIgniter->handleRequest()
 8 FCPATH/index.php(79): CodeIgniter\CodeIgniter->run()
CRITICAL - 2024-07-23 04:49:56 --> ErrorException: chmod(): No such file or directory
in APPPATH/Controllers/Operasi_mysql.php on line 109.
 1 [internal function]: CodeIgniter\Debug\Exceptions->errorHandler()
 2 APPPATH/Controllers/Operasi_mysql.php(109): chmod()
 3 APPPATH/Controllers/Operasi_mysql.php(26): App\Controllers\Operasi_mysql->create_backup_mysql_parquet()
 4 SYSTEMPATH/CodeIgniter.php(943): App\Controllers\Operasi_mysql->run()
 5 SYSTEMPATH/CodeIgniter.php(503): CodeIgniter\CodeIgniter->runController()
 6 SYSTEMPATH/CodeIgniter.php(361): CodeIgniter\CodeIgniter->handleRequest()
 7 FCPATH/index.php(79): CodeIgniter\CodeIgniter->run()
CRITICAL - 2024-07-23 14:36:05 --> Error: Call to a member function execute() on null
in APPPATH/Helpers/clickhouse_helper.php on line 104.
 1 APPPATH/Controllers/Operasi_mysql.php(154): cl_create_sql_insert()
 2 APPPATH/Controllers/Operasi_mysql.php(29): App\Controllers\Operasi_mysql->restore_db()
 3 SYSTEMPATH/CodeIgniter.php(943): App\Controllers\Operasi_mysql->run()
 4 SYSTEMPATH/CodeIgniter.php(503): CodeIgniter\CodeIgniter->runController()
 5 SYSTEMPATH/CodeIgniter.php(361): CodeIgniter\CodeIgniter->handleRequest()
 6 FCPATH/index.php(79): CodeIgniter\CodeIgniter->run()
CRITICAL - 2024-07-23 15:29:00 --> ErrorException: chmod(): No such file or directory
in APPPATH/Helpers/clickhouse_helper.php on line 144.
 1 [internal function]: CodeIgniter\Debug\Exceptions->errorHandler()
 2 APPPATH/Helpers/clickhouse_helper.php(144): chmod()
 3 APPPATH/Controllers/Operasi_mysql.php(154): cl_create_sql_insert()
 4 APPPATH/Controllers/Operasi_mysql.php(29): App\Controllers\Operasi_mysql->restore_db()
 5 SYSTEMPATH/CodeIgniter.php(943): App\Controllers\Operasi_mysql->run()
 6 SYSTEMPATH/CodeIgniter.php(503): CodeIgniter\CodeIgniter->runController()
 7 SYSTEMPATH/CodeIgniter.php(361): CodeIgniter\CodeIgniter->handleRequest()
 8 FCPATH/index.php(79): CodeIgniter\CodeIgniter->run()
